AppSiniestralidadKotlin/app/build/intermediates/manifest_merge_blame_file/debug/manifest-merger-blame-debug-report.txt
1<?xml version="1.0" encoding="utf-8"?>
2<manifest xmlns:android="http://schemas.android.com/apk/res/android"
3    package="com.example.appsiniestralidadkotlin"
4    android:versionCode="1"
5    android:versionName="1.0" >
6
7    <uses-sdk
8        android:minSdkVersion="21"
8-->src\main\AndroidManifest.xml
9        android:targetSdkVersion="32" />
9-->src\main\AndroidManifest.xml
10
11    <uses-permission android:name="android.permission.ACCESS_FINE_LOCATION" />
11-->src\main\AndroidManifest.xml:4:5-78
11-->src\main\AndroidManifest.xml:4:22-76
12    <uses-permission android:name="android.permission.ACCESS_COARSE_LOCATION" />
12-->src\main\AndroidManifest.xml:5:5-80
12-->src\main\AndroidManifest.xml:5:22-78
13    <uses-permission android:name="android.permission.INTERNET" />
13-->src\main\AndroidManifest.xml:6:5-66
13-->src\main\AndroidManifest.xml:6:22-64
14    <uses-permission android:name="android.permission.INTERNET" />
14-->src\main\AndroidManifest.xml:6:5-66
14-->src\main\AndroidManifest.xml:6:22-64
15
16    <queries>
16-->[com.facebook.android:facebook-common:15.1.0] AndroidManifest.xml:17:5-19:15
17        <package android:name="com.facebook.katana" />
17-->[com.facebook.android:facebook-common:15.1.0] AndroidManifest.xml:18:9-55
17-->[com.facebook.android:facebook-common:15.1.0] AndroidManifest.xml:18:18-52
18        <!-- Needs to be explicitly declared on Android R+ -->
19        <package android:name="com.google.android.apps.maps" />
19-->[com.google.android.gms:play-services-maps:18.1.0] AndroidManifest.xml:33:9-64
19-->[com.google.android.gms:play-services-maps:18.1.0] AndroidManifest.xml:33:18-61
20    </queries> <!-- Include required permissions for Google Maps API to run. -->
21    <uses-permission android:name="android.permission.ACCESS_NETWORK_STATE" />
21-->[com.google.android.gms:play-services-maps:18.1.0] AndroidManifest.xml:23:5-79
21-->[com.google.android.gms:play-services-maps:18.1.0] AndroidManifest.xml:23:22-76
22
23    <uses-feature
23-->[com.google.android.gms:play-services-maps:18.1.0] AndroidManifest.xml:26:5-28:35
24        android:glEsVersion="0x00020000"
24-->[com.google.android.gms:play-services-maps:18.1.0] AndroidManifest.xml:27:9-41
25        android:required="true" />
25-->[com.google.android.gms:play-services-maps:18.1.0] AndroidManifest.xml:28:9-32
26
27    <uses-permission android:name="android.permission.WAKE_LOCK" />
27-->[com.google.android.gms:play-services-measurement-api:21.2.0] AndroidManifest.xml:24:5-68
27-->[com.google.android.gms:play-services-measurement-api:21.2.0] AndroidManifest.xml:24:22-65
28    <uses-permission android:name="com.google.android.gms.permission.AD_ID" />
28-->[com.google.android.gms:play-services-measurement-api:21.2.0] AndroidManifest.xml:25:5-79
28-->[com.google.android.gms:play-services-measurement-api:21.2.0] AndroidManifest.xml:25:22-76
29    <uses-permission android:name="com.google.android.finsky.permission.BIND_GET_INSTALL_REFERRER_SERVICE" />
29-->[com.google.android.gms:play-services-measurement:21.2.0] AndroidManifest.xml:26:5-110
29-->[com.google.android.gms:play-services-measurement:21.2.0] AndroidManifest.xml:26:22-107
30
31    <supports-screens
31-->[org.osmdroid:osmdroid-android:6.1.10] AndroidManifest.xml:11:5-14:40
32        android:anyDensity="true"
32-->[org.osmdroid:osmdroid-android:6.1.10] AndroidManifest.xml:12:9-34
33        android:largeScreens="true"
33-->[org.osmdroid:osmdroid-android:6.1.10] AndroidManifest.xml:13:9-36
34        android:normalScreens="true" />
34-->[org.osmdroid:osmdroid-android:6.1.10] AndroidManifest.xml:14:9-37
35
36    <uses-feature
36-->[org.osmdroid:osmdroid-android:6.1.10] AndroidManifest.xml:16:5-18:36
37        android:name="android.hardware.location.network"
37-->[org.osmdroid:osmdroid-android:6.1.10] AndroidManifest.xml:17:9-57
38        android:required="false" />
38-->[org.osmdroid:osmdroid-android:6.1.10] AndroidManifest.xml:18:9-33
39    <uses-feature
39-->[org.osmdroid:osmdroid-android:6.1.10] AndroidManifest.xml:19:5-21:36
40        android:name="android.hardware.location.gps"
40-->[org.osmdroid:osmdroid-android:6.1.10] AndroidManifest.xml:20:9-53
41        android:required="false" />
41-->[org.osmdroid:osmdroid-android:6.1.10] AndroidManifest.xml:21:9-33
42    <uses-feature
42-->[org.osmdroid:osmdroid-android:6.1.10] AndroidManifest.xml:22:5-24:36
43        android:name="android.hardware.telephony"
43-->[org.osmdroid:osmdroid-android:6.1.10] AndroidManifest.xml:23:9-50
44        android:required="false" />
44-->[org.osmdroid:osmdroid-android:6.1.10] AndroidManifest.xml:24:9-33
45    <uses-feature
45-->[org.osmdroid:osmdroid-android:6.1.10] AndroidManifest.xml:25:5-27:36
46        android:name="android.hardware.wifi"
46-->[org.osmdroid:osmdroid-android:6.1.10] AndroidManifest.xml:26:9-45
47        android:required="false" /> <!-- Permission will be merged into the manifest of the hosting app. -->
47-->[org.osmdroid:osmdroid-android:6.1.10] AndroidManifest.xml:27:9-33
48    <!-- Is required to launch foreground extraction service for targetSdkVersion 28+. -->
49    <uses-permission android:name="android.permission.FOREGROUND_SERVICE" />
49-->[com.google.android.play:core:1.10.3] AndroidManifest.xml:13:5-77
49-->[com.google.android.play:core:1.10.3] AndroidManifest.xml:13:22-74
50
51    <application
51-->src\main\AndroidManifest.xml:8:5-91:19
52        android:allowBackup="true"
52-->src\main\AndroidManifest.xml:9:9-35
53        android:appComponentFactory="androidx.core.app.CoreComponentFactory"
53-->[androidx.core:core:1.8.0] AndroidManifest.xml:24:18-86
54        android:dataExtractionRules="@xml/data_extraction_rules"
54-->src\main\AndroidManifest.xml:10:9-65
55        android:debuggable="true"
56        android:fullBackupContent="@xml/backup_rules"
56-->src\main\AndroidManifest.xml:11:9-54
57        android:icon="@mipmap/ic_launcher"
57-->src\main\AndroidManifest.xml:12:9-43
58        android:label="@string/app_name"
58-->src\main\AndroidManifest.xml:13:9-41
59        android:roundIcon="@mipmap/ic_launcher_round"
59-->src\main\AndroidManifest.xml:14:9-54
60        android:supportsRtl="true"
60-->src\main\AndroidManifest.xml:15:9-35
61        android:testOnly="true"
62        android:theme="@style/Theme.AppSiniestralidadKotlin"
62-->src\main\AndroidManifest.xml:16:9-61
63        android:usesCleartextTraffic="true" >
63-->src\main\AndroidManifest.xml:18:9-44
64        <meta-data
64-->src\main\AndroidManifest.xml:20:9-111
65            android:name="com.google.android.geo.API_KEY"
65-->src\main\AndroidManifest.xml:20:20-65
66            android:value="@string/google_maps_api_key" />
66-->src\main\AndroidManifest.xml:20:66-109
67        <meta-data
67-->src\main\AndroidManifest.xml:21:9-107
68            android:name="com.facebook.sdk.ApplicationId"
68-->src\main\AndroidManifest.xml:21:20-65
69            android:value="@string/facebook_app_id" />
69-->src\main\AndroidManifest.xml:21:66-105
70        <meta-data
70-->src\main\AndroidManifest.xml:22:9-111
71            android:name="com.facebook.sdk.ClientToken"
71-->src\main\AndroidManifest.xml:22:20-63
72            android:value="@string/facebook_client_token" />
72-->src\main\AndroidManifest.xml:22:64-109
73
74        <activity
74-->src\main\AndroidManifest.xml:24:9-27:48
75            android:name="com.facebook.FacebookActivity"
75-->src\main\AndroidManifest.xml:24:19-63
76            android:configChanges="keyboard|keyboardHidden|screenLayout|screenSize|orientation"
76-->src\main\AndroidManifest.xml:25:13-114
77            android:label="@string/app_name"
77-->src\main\AndroidManifest.xml:27:13-45
78            android:theme="@style/com_facebook_activity_theme" />
78-->[com.facebook.android:facebook-common:15.1.0] AndroidManifest.xml:25:13-63
79        <activity
79-->src\main\AndroidManifest.xml:28:9-37:20
80            android:name="com.facebook.CustomTabActivity"
80-->src\main\AndroidManifest.xml:29:13-58
81            android:exported="true" >
81-->src\main\AndroidManifest.xml:30:13-36
82            <intent-filter>
82-->src\main\AndroidManifest.xml:31:13-36:29
83                <action android:name="android.intent.action.VIEW" />
83-->src\main\AndroidManifest.xml:32:17-69
83-->src\main\AndroidManifest.xml:32:25-66
84
85                <category android:name="android.intent.category.DEFAULT" />
85-->src\main\AndroidManifest.xml:33:17-76
85-->src\main\AndroidManifest.xml:33:27-73
86                <category android:name="android.intent.category.BROWSABLE" />
86-->src\main\AndroidManifest.xml:34:17-78
86-->src\main\AndroidManifest.xml:34:27-75
87
88                <data android:scheme="@string/fb_login_protocol_scheme" />
88-->src\main\AndroidManifest.xml:35:17-75
88-->src\main\AndroidManifest.xml:35:23-72
89            </intent-filter>
90            <intent-filter>
90-->[com.facebook.android:facebook-common:15.1.0] AndroidManifest.xml:31:13-40:29
91                <action android:name="android.intent.action.VIEW" />
91-->src\main\AndroidManifest.xml:32:17-69
91-->src\main\AndroidManifest.xml:32:25-66
92
93                <category android:name="android.intent.category.DEFAULT" />
93-->src\main\AndroidManifest.xml:33:17-76
93-->src\main\AndroidManifest.xml:33:27-73
94                <category android:name="android.intent.category.BROWSABLE" />
94-->src\main\AndroidManifest.xml:34:17-78
94-->src\main\AndroidManifest.xml:34:27-75
95
96                <data
96-->src\main\AndroidManifest.xml:35:17-75
97                    android:host="cct.com.example.appsiniestralidadkotlin"
98                    android:scheme="fbconnect" />
98-->src\main\AndroidManifest.xml:35:23-72
99            </intent-filter>
100        </activity>
101        <activity
101-->src\main\AndroidManifest.xml:42:9-54:20
102            android:name="com.example.appsiniestralidadkotlin.view.ui.activities.MainActivity"
102-->src\main\AndroidManifest.xml:43:13-60
103            android:exported="true" >
103-->src\main\AndroidManifest.xml:44:13-36
104            <intent-filter>
104-->src\main\AndroidManifest.xml:45:13-49:29
105                <action android:name="android.intent.action.MAIN" />
105-->src\main\AndroidManifest.xml:46:17-69
105-->src\main\AndroidManifest.xml:46:25-66
106
107                <category android:name="android.intent.category.LAUNCHER" />
107-->src\main\AndroidManifest.xml:48:17-77
107-->src\main\AndroidManifest.xml:48:27-74
108            </intent-filter>
109
110            <meta-data
110-->src\main\AndroidManifest.xml:51:13-53:36
111                android:name="android.app.lib_name"
111-->src\main\AndroidManifest.xml:52:17-52
112                android:value="" />
112-->src\main\AndroidManifest.xml:53:17-33
113        </activity>
114        <activity
114-->src\main\AndroidManifest.xml:56:9-63:20
115            android:name="com.example.appsiniestralidadkotlin.view.ui.activities.LoginActivity"
115-->src\main\AndroidManifest.xml:57:13-61
116            android:exported="false" >
116-->src\main\AndroidManifest.xml:58:13-37
117            <meta-data
117-->src\main\AndroidManifest.xml:51:13-53:36
118                android:name="android.app.lib_name"
118-->src\main\AndroidManifest.xml:52:17-52
119                android:value="" >
119-->src\main\AndroidManifest.xml:53:17-33
120            </meta-data>
121        </activity>
122        <activity
122-->src\main\AndroidManifest.xml:65:9-73:20
123            android:name="com.example.appsiniestralidadkotlin.view.ui.activities.HomeActivity"
123-->src\main\AndroidManifest.xml:66:13-60
124            android:exported="false" >
124-->src\main\AndroidManifest.xml:67:13-37
125            <meta-data
125-->src\main\AndroidManifest.xml:51:13-53:36
126                android:name="android.app.lib_name"
126-->src\main\AndroidManifest.xml:52:17-52
127                android:value="" >
127-->src\main\AndroidManifest.xml:53:17-33
128            </meta-data>
129        </activity>
130        <activity
130-->src\main\AndroidManifest.xml:73:20-80:20
131            android:name="com.example.appsiniestralidadkotlin.view.ui.activities.SignUpActivity"
131-->src\main\AndroidManifest.xml:74:13-62
132            android:exported="false" >
132-->src\main\AndroidManifest.xml:75:13-37
133            <meta-data
133-->src\main\AndroidManifest.xml:51:13-53:36
134                android:name="android.app.lib_name"
134-->src\main\AndroidManifest.xml:52:17-52
135                android:value="" >
135-->src\main\AndroidManifest.xml:53:17-33
136            </meta-data>
137        </activity>
138        <activity
138-->src\main\AndroidManifest.xml:82:9-89:20
139            android:name="com.example.appsiniestralidadkotlin.view.ui.activities.RestoreActivity"
139-->src\main\AndroidManifest.xml:83:13-63
140            android:exported="false" >
140-->src\main\AndroidManifest.xml:84:13-37
141            <meta-data
141-->src\main\AndroidManifest.xml:51:13-53:36
142                android:name="android.app.lib_name"
142-->src\main\AndroidManifest.xml:52:17-52
143                android:value="" >
143-->src\main\AndroidManifest.xml:53:17-33
144            </meta-data>
145        </activity>
146
147        <service
147-->[com.google.firebase:firebase-auth-ktx:21.1.0] AndroidManifest.xml:8:9-14:19
148            android:name="com.google.firebase.components.ComponentDiscoveryService"
148-->[com.google.firebase:firebase-auth-ktx:21.1.0] AndroidManifest.xml:9:13-84
149            android:directBootAware="true"
149-->[com.google.firebase:firebase-common:20.2.0] AndroidManifest.xml:34:13-43
150            android:exported="false" >
150-->[com.google.firebase:firebase-auth-ktx:21.1.0] AndroidManifest.xml:10:13-37
151            <meta-data
151-->[com.google.firebase:firebase-auth-ktx:21.1.0] AndroidManifest.xml:11:13-13:85
152                android:name="com.google.firebase.components:com.google.firebase.auth.ktx.FirebaseAuthKtxRegistrar"
152-->[com.google.firebase:firebase-auth-ktx:21.1.0] AndroidManifest.xml:12:17-116
153                android:value="com.google.firebase.components.ComponentRegistrar" />
153-->[com.google.firebase:firebase-auth-ktx:21.1.0] AndroidManifest.xml:13:17-82
154            <meta-data
154-->[com.google.firebase:firebase-database-ktx:20.1.0] AndroidManifest.xml:14:13-16:85
155                android:name="com.google.firebase.components:com.google.firebase.database.ktx.FirebaseDatabaseKtxRegistrar"
155-->[com.google.firebase:firebase-database-ktx:20.1.0] AndroidManifest.xml:15:17-124
156                android:value="com.google.firebase.components.ComponentRegistrar" />
156-->[com.google.firebase:firebase-database-ktx:20.1.0] AndroidManifest.xml:16:17-82
157            <meta-data
157-->[com.google.firebase:firebase-analytics-ktx:21.2.0] AndroidManifest.xml:11:13-13:85
158                android:name="com.google.firebase.components:com.google.firebase.analytics.ktx.FirebaseAnalyticsKtxRegistrar"
158-->[com.google.firebase:firebase-analytics-ktx:21.2.0] AndroidManifest.xml:12:17-126
159                android:value="com.google.firebase.components.ComponentRegistrar" />
159-->[com.google.firebase:firebase-analytics-ktx:21.2.0] AndroidManifest.xml:13:17-82
160            <meta-data
160-->[com.google.firebase:firebase-common-ktx:20.2.0] AndroidManifest.xml:14:13-16:85
161                android:name="com.google.firebase.components:com.google.firebase.ktx.FirebaseCommonKtxRegistrar"
161-->[com.google.firebase:firebase-common-ktx:20.2.0] AndroidManifest.xml:15:17-113
162                android:value="com.google.firebase.components.ComponentRegistrar" />
162-->[com.google.firebase:firebase-common-ktx:20.2.0] AndroidManifest.xml:16:17-82
163            <meta-data
163-->[com.google.firebase:firebase-auth:21.1.0] AndroidManifest.xml:67:13-69:85
164                android:name="com.google.firebase.components:com.google.firebase.auth.FirebaseAuthRegistrar"
164-->[com.google.firebase:firebase-auth:21.1.0] AndroidManifest.xml:68:17-109
165                android:value="com.google.firebase.components.ComponentRegistrar" />
165-->[com.google.firebase:firebase-auth:21.1.0] AndroidManifest.xml:69:17-82
166            <meta-data
166-->[com.google.firebase:firebase-firestore:24.4.0] AndroidManifest.xml:19:13-21:85
167                android:name="com.google.firebase.components:com.google.firebase.firestore.FirestoreRegistrar"
167-->[com.google.firebase:firebase-firestore:24.4.0] AndroidManifest.xml:20:17-111
168                android:value="com.google.firebase.components.ComponentRegistrar" />
168-->[com.google.firebase:firebase-firestore:24.4.0] AndroidManifest.xml:21:17-82
169            <meta-data
169-->[com.google.firebase:firebase-database:20.1.0] AndroidManifest.xml:31:13-33:85
170                android:name="com.google.firebase.components:com.google.firebase.database.DatabaseRegistrar"
170-->[com.google.firebase:firebase-database:20.1.0] AndroidManifest.xml:32:17-109
171                android:value="com.google.firebase.components.ComponentRegistrar" />
171-->[com.google.firebase:firebase-database:20.1.0] AndroidManifest.xml:33:17-82
172            <meta-data
172-->[com.google.android.gms:play-services-measurement-api:21.2.0] AndroidManifest.xml:31:13-33:85
173                android:name="com.google.firebase.components:com.google.firebase.analytics.connector.internal.AnalyticsConnectorRegistrar"
173-->[com.google.android.gms:play-services-measurement-api:21.2.0] AndroidManifest.xml:32:17-139
174                android:value="com.google.firebase.components.ComponentRegistrar" />
174-->[com.google.android.gms:play-services-measurement-api:21.2.0] AndroidManifest.xml:33:17-82
175            <meta-data
175-->[com.google.firebase:firebase-installations:17.1.0] AndroidManifest.xml:17:13-19:85
176                android:name="com.google.firebase.components:com.google.firebase.installations.FirebaseInstallationsRegistrar"
176-->[com.google.firebase:firebase-installations:17.1.0] AndroidManifest.xml:18:17-127
177                android:value="com.google.firebase.components.ComponentRegistrar" />
177-->[com.google.firebase:firebase-installations:17.1.0] AndroidManifest.xml:19:17-82
178        </service>
179
180        <activity android:name="com.facebook.CustomTabMainActivity" />
180-->[com.facebook.android:facebook-common:15.1.0] AndroidManifest.xml:26:9-71
180-->[com.facebook.android:facebook-common:15.1.0] AndroidManifest.xml:26:19-68
181
182        <uses-library
182-->[androidx.window:window:1.0.0] AndroidManifest.xml:25:9-27:40
183            android:name="androidx.window.extensions"
183-->[androidx.window:window:1.0.0] AndroidManifest.xml:26:13-54
184            android:required="false" />
184-->[androidx.window:window:1.0.0] AndroidManifest.xml:27:13-37
185        <uses-library
185-->[androidx.window:window:1.0.0] AndroidManifest.xml:28:9-30:40
186            android:name="androidx.window.sidecar"
186-->[androidx.window:window:1.0.0] AndroidManifest.xml:29:13-51
187            android:required="false" /> <!-- Needs to be explicitly declared on P+ -->
187-->[androidx.window:window:1.0.0] AndroidManifest.xml:30:13-37
188        <uses-library
188-->[com.google.android.gms:play-services-maps:18.1.0] AndroidManifest.xml:39:9-41:40
189            android:name="org.apache.http.legacy"
189-->[com.google.android.gms:play-services-maps:18.1.0] AndroidManifest.xml:40:13-50
190            android:required="false" />
190-->[com.google.android.gms:play-services-maps:18.1.0] AndroidManifest.xml:41:13-37
191
192        <activity
192-->[com.google.firebase:firebase-auth:21.1.0] AndroidManifest.xml:27:9-44:20
193            android:name="com.google.firebase.auth.internal.GenericIdpActivity"
193-->[com.google.firebase:firebase-auth:21.1.0] AndroidManifest.xml:28:13-80
194            android:excludeFromRecents="true"
194-->[com.google.firebase:firebase-auth:21.1.0] AndroidManifest.xml:29:13-46
195            android:exported="true"
195-->[com.google.firebase:firebase-auth:21.1.0] AndroidManifest.xml:30:13-36
196            android:launchMode="singleTask"
196-->[com.google.firebase:firebase-auth:21.1.0] AndroidManifest.xml:31:13-44
197            android:theme="@android:style/Theme.Translucent.NoTitleBar" >
197-->[com.google.firebase:firebase-auth:21.1.0] AndroidManifest.xml:32:13-72
198            <intent-filter>
198-->[com.google.firebase:firebase-auth:21.1.0] AndroidManifest.xml:33:13-43:29
199                <action android:name="android.intent.action.VIEW" />
199-->src\main\AndroidManifest.xml:32:17-69
199-->src\main\AndroidManifest.xml:32:25-66
200
201                <category android:name="android.intent.category.DEFAULT" />
201-->src\main\AndroidManifest.xml:33:17-76
201-->src\main\AndroidManifest.xml:33:27-73
202                <category android:name="android.intent.category.BROWSABLE" />
202-->src\main\AndroidManifest.xml:34:17-78
202-->src\main\AndroidManifest.xml:34:27-75
203
204                <data
204-->src\main\AndroidManifest.xml:35:17-75
205                    android:host="firebase.auth"
206                    android:path="/"
207                    android:scheme="genericidp" />
207-->src\main\AndroidManifest.xml:35:23-72
208            </intent-filter>
209        </activity>
210        <activity
210-->[com.google.firebase:firebase-auth:21.1.0] AndroidManifest.xml:45:9-62:20
211            android:name="com.google.firebase.auth.internal.RecaptchaActivity"
211-->[com.google.firebase:firebase-auth:21.1.0] AndroidManifest.xml:46:13-79
212            android:excludeFromRecents="true"
212-->[com.google.firebase:firebase-auth:21.1.0] AndroidManifest.xml:47:13-46
213            android:exported="true"
213-->[com.google.firebase:firebase-auth:21.1.0] AndroidManifest.xml:48:13-36
214            android:launchMode="singleTask"
214-->[com.google.firebase:firebase-auth:21.1.0] AndroidManifest.xml:49:13-44
215            android:theme="@android:style/Theme.Translucent.NoTitleBar" >
215-->[com.google.firebase:firebase-auth:21.1.0] AndroidManifest.xml:50:13-72
216            <intent-filter>
216-->[com.google.firebase:firebase-auth:21.1.0] AndroidManifest.xml:51:13-61:29
217                <action android:name="android.intent.action.VIEW" />
217-->src\main\AndroidManifest.xml:32:17-69
217-->src\main\AndroidManifest.xml:32:25-66
218
219                <category android:name="android.intent.category.DEFAULT" />
219-->src\main\AndroidManifest.xml:33:17-76
219-->src\main\AndroidManifest.xml:33:27-73
220                <category android:name="android.intent.category.BROWSABLE" />
220-->src\main\AndroidManifest.xml:34:17-78
220-->src\main\AndroidManifest.xml:34:27-75
221
222                <data
222-->src\main\AndroidManifest.xml:35:17-75
223                    android:host="firebase.auth"
224                    android:path="/"
225                    android:scheme="recaptcha" />
225-->src\main\AndroidManifest.xml:35:23-72
226            </intent-filter>
227        </activity>
228
229        <provider
229-->[com.google.firebase:firebase-common:20.2.0] AndroidManifest.xml:25:9-30:39
230            android:name="com.google.firebase.provider.FirebaseInitProvider"
230-->[com.google.firebase:firebase-common:20.2.0] AndroidManifest.xml:26:13-77
231            android:authorities="com.example.appsiniestralidadkotlin.firebaseinitprovider"
231-->[com.google.firebase:firebase-common:20.2.0] AndroidManifest.xml:27:13-72
232            android:directBootAware="true"
232-->[com.google.firebase:firebase-common:20.2.0] AndroidManifest.xml:28:13-43
233            android:exported="false"
233-->[com.google.firebase:firebase-common:20.2.0] AndroidManifest.xml:29:13-37
234            android:initOrder="100" />
234-->[com.google.firebase:firebase-common:20.2.0] AndroidManifest.xml:30:13-36
235
236        <activity
236-->[com.google.android.gms:play-services-base:18.1.0] AndroidManifest.xml:20:9-22:45
237            android:name="com.google.android.gms.common.api.GoogleApiActivity"
237-->[com.google.android.gms:play-services-base:18.1.0] AndroidManifest.xml:20:19-85
238            android:exported="false"
238-->[com.google.android.gms:play-services-base:18.1.0] AndroidManifest.xml:22:19-43
239            android:theme="@android:style/Theme.Translucent.NoTitleBar" />
239-->[com.google.android.gms:play-services-base:18.1.0] AndroidManifest.xml:21:19-78
240
241        <receiver
241-->[com.google.android.gms:play-services-measurement:21.2.0] AndroidManifest.xml:29:9-33:20
242            android:name="com.google.android.gms.measurement.AppMeasurementReceiver"
242-->[com.google.android.gms:play-services-measurement:21.2.0] AndroidManifest.xml:30:13-85
243            android:enabled="true"
243-->[com.google.android.gms:play-services-measurement:21.2.0] AndroidManifest.xml:31:13-35
244            android:exported="false" >
244-->[com.google.android.gms:play-services-measurement:21.2.0] AndroidManifest.xml:32:13-37
245        </receiver>
246
247        <service
247-->[com.google.android.gms:play-services-measurement:21.2.0] AndroidManifest.xml:35:9-38:40
248            android:name="com.google.android.gms.measurement.AppMeasurementService"
248-->[com.google.android.gms:play-services-measurement:21.2.0] AndroidManifest.xml:36:13-84
249            android:enabled="true"
249-->[com.google.android.gms:play-services-measurement:21.2.0] AndroidManifest.xml:37:13-35
250            android:exported="false" />
250-->[com.google.android.gms:play-services-measurement:21.2.0] AndroidManifest.xml:38:13-37
251        <service
251-->[com.google.android.gms:play-services-measurement:21.2.0] AndroidManifest.xml:39:9-43:72
252            android:name="com.google.android.gms.measurement.AppMeasurementJobService"
252-->[com.google.android.gms:play-services-measurement:21.2.0] AndroidManifest.xml:40:13-87
253            android:enabled="true"
253-->[com.google.android.gms:play-services-measurement:21.2.0] AndroidManifest.xml:41:13-35
254            android:exported="false"
254-->[com.google.android.gms:play-services-measurement:21.2.0] AndroidManifest.xml:42:13-37
255            android:permission="android.permission.BIND_JOB_SERVICE" />
255-->[com.google.android.gms:play-services-measurement:21.2.0] AndroidManifest.xml:43:13-69
256
257        <meta-data
257-->[com.google.android.gms:play-services-basement:18.1.0] AndroidManifest.xml:21:9-23:69
258            android:name="com.google.android.gms.version"
258-->[com.google.android.gms:play-services-basement:18.1.0] AndroidManifest.xml:22:13-58
259            android:value="@integer/google_play_services_version" />
259-->[com.google.android.gms:play-services-basement:18.1.0] AndroidManifest.xml:23:13-66
260        <!--
261         The initialization ContentProvider will call FacebookSdk.sdkInitialize automatically
262         with the application context. This config is merged in with the host app's manifest,
263         but there can only be one provider with the same authority activated at any given
264         point; so if the end user has two or more different apps that use Facebook SDK, only the
265         first one will be able to use the provider. To work around this problem, we use the
266         following placeholder in the authority to identify each host application as if it was
267         a completely different provider.
268        -->
269        <provider
269-->[com.facebook.android:facebook-core:15.1.0] AndroidManifest.xml:29:9-32:40
270            android:name="com.facebook.internal.FacebookInitProvider"
270-->[com.facebook.android:facebook-core:15.1.0] AndroidManifest.xml:30:13-70
271            android:authorities="com.example.appsiniestralidadkotlin.FacebookInitProvider"
271-->[com.facebook.android:facebook-core:15.1.0] AndroidManifest.xml:31:13-72
272            android:exported="false" />
272-->[com.facebook.android:facebook-core:15.1.0] AndroidManifest.xml:32:13-37
273
274        <receiver
274-->[com.facebook.android:facebook-core:15.1.0] AndroidManifest.xml:34:9-40:20
275            android:name="com.facebook.CurrentAccessTokenExpirationBroadcastReceiver"
275-->[com.facebook.android:facebook-core:15.1.0] AndroidManifest.xml:35:13-86
276            android:exported="false" >
276-->[com.facebook.android:facebook-core:15.1.0] AndroidManifest.xml:36:13-37
277            <intent-filter>
277-->[com.facebook.android:facebook-core:15.1.0] AndroidManifest.xml:37:13-39:29
278                <action android:name="com.facebook.sdk.ACTION_CURRENT_ACCESS_TOKEN_CHANGED" />
278-->[com.facebook.android:facebook-core:15.1.0] AndroidManifest.xml:38:17-95
278-->[com.facebook.android:facebook-core:15.1.0] AndroidManifest.xml:38:25-92
279            </intent-filter>
280        </receiver>
281        <receiver
281-->[com.facebook.android:facebook-core:15.1.0] AndroidManifest.xml:41:9-47:20
282            android:name="com.facebook.AuthenticationTokenManager$CurrentAuthenticationTokenChangedBroadcastReceiver"
282-->[com.facebook.android:facebook-core:15.1.0] AndroidManifest.xml:42:13-118
283            android:exported="false" >
283-->[com.facebook.android:facebook-core:15.1.0] AndroidManifest.xml:43:13-37
284            <intent-filter>
284-->[com.facebook.android:facebook-core:15.1.0] AndroidManifest.xml:44:13-46:29
285                <action android:name="com.facebook.sdk.ACTION_CURRENT_AUTHENTICATION_TOKEN_CHANGED" />
285-->[com.facebook.android:facebook-core:15.1.0] AndroidManifest.xml:45:17-103
285-->[com.facebook.android:facebook-core:15.1.0] AndroidManifest.xml:45:25-100
286            </intent-filter>
287        </receiver>
288
289        <provider
289-->[com.squareup.picasso:picasso:2.8] AndroidManifest.xml:8:9-11:40
290            android:name="com.squareup.picasso.PicassoProvider"
290-->[com.squareup.picasso:picasso:2.8] AndroidManifest.xml:9:13-64
291            android:authorities="com.example.appsiniestralidadkotlin.com.squareup.picasso"
291-->[com.squareup.picasso:picasso:2.8] AndroidManifest.xml:10:13-72
292            android:exported="false" />
292-->[com.squareup.picasso:picasso:2.8] AndroidManifest.xml:11:13-37
293        <provider